<?xml version="1.0" encoding="UTF-8"?>
<testng-results ignored="0" total="1" passed="1" failed="0" skipped="0">
  <reporter-output>
  </reporter-output>
  <suite started-at="2024-06-24T17:59:39 IST" name="Suite" finished-at="2024-06-24T17:59:43 IST" duration-ms="4071">
    <groups>
    </groups>
    <test started-at="2024-06-24T17:59:39 IST" name="Test" finished-at="2024-06-24T17:59:43 IST" duration-ms="4071">
      <class name="jenkinsdemo.jenkins">
        <test-method signature="test1(java.lang.String)[pri:0, instance:jenkinsdemo.jenkins@a9cd3b1]" started-at="2024-06-24T17:59:39 IST" name="test1" finished-at="2024-06-24T17:59:43 IST" duration-ms="4005" status="PASS">
          <params>
            <param index="0">
              <value>
                <![CDATA[chrome]]>
              </value>
            </param>
          </params>
          <reporter-output>
          </reporter-output>
        </test-method> <!-- test1 -->
      </class> <!-- jenkinsdemo.jenkins -->
    </test> <!-- Test -->
  </suite> <!-- Suite -->
</testng-results>
