<?xml version="1.0" encoding="UTF-8"?>
<testng-results ignored="0" total="1" passed="1" failed="0" skipped="0">
  <reporter-output>
  </reporter-output>
  <suite started-at="2024-06-24T16:41:24 IST" name="Suite" finished-at="2024-06-24T16:41:30 IST" duration-ms="6649">
    <groups>
    </groups>
    <test started-at="2024-06-24T16:41:24 IST" name="Test" finished-at="2024-06-24T16:41:30 IST" duration-ms="6649">
      <class name="jenkinsdemo.jenkins">
        <test-method signature="test1()[pri:0, instance:jenkinsdemo.jenkins@5c33f1a9]" started-at="2024-06-24T16:41:24 IST" name="test1" finished-at="2024-06-24T16:41:30 IST" duration-ms="6572" status="PASS">
          <reporter-output>
          </reporter-output>
        </test-method> <!-- test1 -->
      </class> <!-- jenkinsdemo.jenkins -->
    </test> <!-- Test -->
  </suite> <!-- Suite -->
</testng-results>
